[2026-07-04 22:32:25] === Logger Initialized ===
[2026-07-04 22:39:29] [INFO] OptiWebP started successfully. Ready for conversions.
[2026-07-04 22:41:28] [INFO] OptiWebP started successfully. Ready for conversions.
[2026-07-04 22:41:38] [INFO] Added 2 image(s) to queue.
[2026-07-04 22:41:50] [WARNING] Skipped 1 duplicate image(s) already in queue.
[2026-07-04 22:41:53] [INFO] Starting batch conversion of 2 images...
[2026-07-04 22:41:53] [INFO] ↷ Alpha_Beast.png skipped: File already exists in destination
[2026-07-04 22:41:53] [INFO] ↷ Alpha_Beast Review.png skipped: File already exists in destination
[2026-07-04 22:41:53] [SUCCESS] Batch conversion completed in 0.09s! Converted: 0, Skipped: 2, Failed: 0.
[2026-07-04 22:41:55] [INFO] Opened output folder: 'C:\Users\ACER\Downloads'
[2026-07-04 22:48:02] [INFO] OptiWebP started successfully. Ready for conversions.
[2026-07-04 22:49:10] [INFO] OptiWebP started successfully. Ready for conversions.
[2026-07-04 22:51:39] [INFO] OptiWebP started successfully. Ready for conversions.
[2026-07-04 22:52:44] [INFO] OptiWebP started successfully. Ready for conversions.
[2026-07-04 22:52:52] [INFO] Added 2 image(s) to queue.
[2026-07-04 22:52:55] [INFO] Starting batch conversion of 2 images...
[2026-07-04 22:52:55] [INFO] ↷ Alpha_Beast Review.png skipped: File already exists in destination
[2026-07-04 22:52:55] [INFO] ↷ Alpha_Beast.png skipped: File already exists in destination
[2026-07-04 22:52:55] [SUCCESS] Batch conversion completed in 0.07s! Converted: 0, Skipped: 2, Failed: 0.
[2026-07-04 22:52:57] [INFO] Opened output folder: 'C:\Users\ACER\Downloads'
[2026-07-04 22:55:00] [INFO] OptiWebP started successfully. Ready for conversions.
[2026-07-04 22:56:03] [INFO] OptiWebP started successfully. Ready for conversions.
[2026-07-04 22:56:10] [INFO] Added 2 image(s) to queue.
[2026-07-04 22:57:58] [INFO] Conversion queue cleared.
[2026-07-04 22:58:02] [INFO] OptiWebP started successfully. Ready for conversions.
[2026-07-04 22:59:16] [INFO] Added 2 image(s) to queue.
[2026-07-04 22:59:27] [INFO] OptiWebP started successfully. Ready for conversions.
[2026-07-04 22:59:31] [INFO] Added 2 image(s) to queue.
[2026-07-04 22:59:37] [INFO] Starting batch conversion of 2 images...
[2026-07-04 22:59:38] [INFO] ↷ Alpha_Beast.png skipped: File already exists in destination
[2026-07-04 22:59:38] [INFO] ↷ Alpha_Beast Review.png skipped: File already exists in destination
[2026-07-04 22:59:38] [SUCCESS] Batch conversion completed in 0.10s! Converted: 0, Skipped: 2, Failed: 0.
[2026-07-04 22:59:39] [INFO] Opened output folder: 'C:\Users\ACER\Downloads'
[2026-07-04 23:04:14] [INFO] Conversion queue cleared.
[2026-07-04 23:04:18] [INFO] Added 2 image(s) to queue.
[2026-07-04 23:04:40] [INFO] OptiWebP started successfully. Ready for conversions.
[2026-07-04 23:04:57] [INFO] Added 2 image(s) to queue.
[2026-07-04 23:05:11] [INFO] Opened output folder: 'C:\Users\ACER\Downloads'
[2026-07-04 23:06:30] [INFO] OptiWebP started successfully. Ready for conversions.
[2026-07-04 23:07:08] [INFO] Starting batch conversion of 2 images...
[2026-07-04 23:07:08] [INFO] ↷ Load Boost packages.png skipped: File already exists in destination
[2026-07-04 23:07:08] [INFO] ↷ Load Boost capsules supplement.png skipped: File already exists in destination
[2026-07-04 23:07:08] [SUCCESS] Batch conversion completed in 0.03s! Converted: 0, Skipped: 2, Failed: 0.
[2026-07-04 23:07:25] [INFO] Added 2 image(s) to queue.
[2026-07-04 23:07:26] [INFO] Starting batch conversion of 2 images...
[2026-07-04 23:07:26] [INFO] ↷ Load Boost tablets.png skipped: File already exists in destination
[2026-07-04 23:07:26] [INFO] ↷ Melo Slim reviews.png skipped: File already exists in destination
[2026-07-04 23:07:26] [SUCCESS] Batch conversion completed in 0.05s! Converted: 0, Skipped: 2, Failed: 0.
[2026-07-04 23:08:17] [INFO] Added 1 image(s) to queue.
[2026-07-04 23:08:17] [INFO] Starting batch conversion of 1 images...
[2026-07-04 23:08:17] [INFO] ↷ Melo Slim patch.png skipped: File already exists in destination
[2026-07-04 23:08:17] [SUCCESS] Batch conversion completed in 0.01s! Converted: 0, Skipped: 1, Failed: 0.
[2026-07-04 23:12:32] [INFO] OptiWebP started successfully. Ready for conversions.
[2026-07-04 23:12:40] [INFO] Added 2 image(s) to queue.
[2026-07-04 23:13:18] [INFO] Starting batch conversion of 2 images...
[2026-07-04 23:13:18] [INFO] ↷ Alpha_Beast Review.png skipped: File already exists in destination
[2026-07-04 23:13:18] [INFO] ↷ Alpha_Beast.png skipped: File already exists in destination
[2026-07-04 23:13:18] [SUCCESS] Batch conversion completed in 0.03s! Converted: 0, Skipped: 2, Failed: 0.
[2026-07-04 23:16:36] [INFO] OptiWebP started successfully. Ready for conversions.
[2026-07-04 23:16:50] [INFO] Added 2 image(s) to queue.
[2026-07-04 23:16:58] [INFO] Starting batch conversion of 2 images...
[2026-07-04 23:16:58] [INFO] ↷ Load Boost capsules supplement.png skipped: File already exists in destination
[2026-07-04 23:16:58] [INFO] ↷ Load Boost tablets.png skipped: File already exists in destination
[2026-07-04 23:16:58] [SUCCESS] Batch conversion completed in 0.02s! Converted: 0, Skipped: 2, Failed: 0.
[2026-07-04 23:23:10] [INFO] OptiWebP started successfully. Ready for conversions.
[2026-07-04 23:23:15] [INFO] Added 2 image(s) to queue.
[2026-07-04 23:23:17] [INFO] Starting batch conversion of 2 images...
[2026-07-04 23:23:17] [INFO] ↷ Alpha_Beast.png skipped: File already exists in destination
[2026-07-04 23:23:17] [INFO] ↷ Alpha_Beast Review.png skipped: File already exists in destination
[2026-07-04 23:23:17] [SUCCESS] Batch conversion completed in 0.03s! Converted: 0, Skipped: 2, Failed: 0.
[2026-07-04 23:29:10] [INFO] OptiWebP started successfully. Ready for conversions.
[2026-07-04 23:30:15] [INFO] Added 2 image(s) to queue.
[2026-07-04 23:31:08] [INFO] Starting batch conversion of 2 images...
[2026-07-04 23:31:08] [INFO] ↷ Alpha_Beast.png skipped: File already exists in destination
[2026-07-04 23:31:08] [INFO] ↷ Alpha_Beast Review.png skipped: File already exists in destination
[2026-07-04 23:31:08] [SUCCESS] Batch conversion completed in 0.02s! Converted: 0, Skipped: 2, Failed: 0.
[2026-07-04 23:31:30] [INFO] OptiWebP started successfully. Ready for conversions.
[2026-07-04 23:31:37] [INFO] Added 1 image(s) to queue.
[2026-07-04 23:31:38] [INFO] Starting batch conversion of 1 images...
[2026-07-04 23:31:38] [INFO] ↷ Load Boost packages.png skipped: File already exists in destination
[2026-07-04 23:31:38] [SUCCESS] Batch conversion completed in 0.02s! Converted: 0, Skipped: 1, Failed: 0.
[2026-07-04 23:33:05] [INFO] OptiWebP started successfully. Ready for conversions.
[2026-07-04 23:33:45] [INFO] Added 2 image(s) to queue.
[2026-07-04 23:33:46] [INFO] Starting batch conversion of 2 images...
[2026-07-04 23:33:46] [INFO] ↷ Alpha_Beast Review.png skipped: File already exists in destination
[2026-07-04 23:33:46] [INFO] ↷ Alpha_Beast.png skipped: File already exists in destination
[2026-07-04 23:33:46] [SUCCESS] Batch conversion completed in 0.02s! Converted: 0, Skipped: 2, Failed: 0.
[2026-07-04 23:36:04] [INFO] OptiWebP started successfully. Ready for conversions.
[2026-07-04 23:36:13] [INFO] Added 2 image(s) to queue.
[2026-07-04 23:36:15] [INFO] Starting batch conversion of 2 images...
[2026-07-04 23:36:15] [INFO] ↷ Alpha_Beast.png skipped: File already exists in destination
[2026-07-04 23:36:15] [INFO] ↷ Alpha_Beast Review.png skipped: File already exists in destination
[2026-07-04 23:36:15] [SUCCESS] Batch conversion completed in 0.02s! Converted: 0, Skipped: 2, Failed: 0.
[2026-07-04 23:47:56] [INFO] OptiWebP started successfully. Ready for conversions.
[2026-07-04 23:49:38] [INFO] OptiWebP started successfully. Ready for conversions.
[2026-07-04 23:49:47] [INFO] Loaded image for resizer: Alpha_Beast.png
[2026-07-04 23:50:00] [INFO] Successfully exported 500x500 WebP: Alpha_Beast_500x500.webp
[2026-07-04 23:54:15] [INFO] Loaded image for resizer: Alpha_Beast.png
[2026-07-04 23:55:59] [INFO] OptiWebP started successfully. Ready for conversions.
[2026-07-04 23:56:05] [INFO] Loaded image for resizer: Alpha_Beast.png
[2026-07-04 23:56:23] [INFO] OptiWebP started successfully. Ready for conversions.
[2026-07-04 23:56:29] [INFO] Loaded image for resizer: Alpha_Beast.png
[2026-07-04 23:56:54] [INFO] Batch exported: Alpha_Beast_500x500.webp and Alpha_Beast_960x502.webp to C:/Users/ACER/Downloads
[2026-07-04 23:58:11] [INFO] OptiWebP started successfully. Ready for conversions.
[2026-07-04 23:59:51] [INFO] OptiWebP started successfully. Ready for conversions.
[2026-07-04 23:59:57] [INFO] Loaded image for resizer: Alpha_Beast.png
[2026-07-05 00:02:44] [INFO] OptiWebP started successfully. Ready for conversions.
[2026-07-05 00:02:54] [INFO] Loaded image for resizer: Alpha_Beast.png
[2026-07-05 00:05:37] [INFO] OptiWebP started successfully. Ready for conversions.
[2026-07-05 00:05:51] [INFO] Loaded image for resizer: Alpha_Beast.png
[2026-07-05 00:05:58] [INFO] Picked color #76332e from preview image
[2026-07-05 00:05:58] [INFO] Picked color #1a191a from preview image
[2026-07-05 00:05:59] [INFO] Picked color #1b1b16 from preview image
[2026-07-05 00:05:59] [INFO] Picked color #2f2e2d from preview image
[2026-07-05 00:06:00] [INFO] Picked color #370508 from preview image
[2026-07-05 00:06:01] [INFO] Picked color #1a1b19 from preview image
[2026-07-05 00:06:01] [INFO] Picked color #98383a from preview image
[2026-07-05 00:06:02] [INFO] Picked color #3b3b39 from preview image
[2026-07-05 00:06:03] [INFO] Picked color #2f332f from preview image
[2026-07-05 00:06:05] [INFO] Picked color #7d1a18 from preview image
[2026-07-05 00:08:06] [INFO] OptiWebP started successfully. Ready for conversions.
[2026-07-05 00:08:17] [INFO] Loaded image for resizer: Alpha_Beast.png
[2026-07-05 00:08:21] [INFO] Picked color #0f080a from preview image
[2026-07-05 00:08:23] [INFO] Picked color #0f080a from preview image
[2026-07-05 00:08:25] [INFO] Picked color #1f1f1f from preview image
[2026-07-05 00:08:26] [INFO] Picked color #1f1f1f from preview image
[2026-07-05 00:08:26] [INFO] Picked color #3c3e3b from preview image
[2026-07-05 00:08:44] [INFO] Successfully exported 960x502 WebP: Alpha_Beast_960x502.webp
[2026-07-05 00:09:19] [INFO] Picked color #70292d from preview image
[2026-07-05 00:11:43] [INFO] OptiWebP started successfully. Ready for conversions.
[2026-07-05 00:15:15] [INFO] OptiWebP started successfully. Ready for conversions.
[2026-07-05 00:15:21] [INFO] Loaded image for resizer: Alpha_Beast.png
[2026-07-05 00:18:38] [INFO] OptiWebP started successfully. Ready for conversions.
[2026-07-05 00:22:23] [INFO] OptiWebP started successfully. Ready for conversions.
[2026-07-05 00:23:06] [INFO] OptiWebP started successfully. Ready for conversions.
[2026-07-05 00:26:20] [INFO] AI Generation started. Model: grok-2-image-gen, Prompt: create me a image of bird flying
[2026-07-05 00:26:20] [ERROR] AI Generation failed: Grok API Error (400): HTTP Error 400: Bad Request
[2026-07-05 00:29:52] [INFO] OptiWebP started successfully. Ready for conversions.
[2026-07-05 00:31:30] [INFO] AI Generation started. Model: grok-2-image-gen, Prompt: mkae a img of bird
[2026-07-05 00:31:31] [ERROR] AI Generation failed: Grok API Error (400): HTTP Error 400: Bad Request
[2026-07-05 00:35:38] [INFO] OptiWebP started successfully. Ready for conversions.
[2026-07-05 00:36:21] [INFO] AI Generation started. Model: grok-2-image-gen, Prompt: create the img of bird
[2026-07-05 00:36:23] [ERROR] AI Generation failed: Grok API Error (400): Incorrect API key provided. You can obtain an API key from https://console.x.ai.
[2026-07-05 00:39:14] [INFO] OptiWebP started successfully. Ready for conversions.
[2026-07-05 00:40:00] [INFO] OptiWebP started successfully. Ready for conversions.
[2026-07-05 00:40:28] [INFO] AI Generation started. Model: grok-2-image-gen, Prompt: create me the image of bird
[2026-07-05 00:40:29] [ERROR] AI Generation failed: Grok API Error (400): Incorrect API key provided. You can obtain an API key from https://console.x.ai.
[2026-07-05 00:41:50] [INFO] AI Generation started. Model: grok-2-image-gen, Prompt: create me the image of bird
[2026-07-05 00:41:50] [ERROR] AI Generation failed: Grok API Error (400): Incorrect API key provided. You can obtain an API key from https://console.x.ai.
[2026-07-05 00:42:54] [INFO] OptiWebP started successfully. Ready for conversions.
[2026-07-05 00:43:19] [INFO] AI Generation started. Model: grok-2-image-gen, Prompt: make me a imgae of brid
[2026-07-05 00:43:20] [ERROR] AI Generation failed: Grok API Error (400): Incorrect API key provided. You can obtain an API key from https://console.x.ai.
[2026-07-05 00:43:33] [INFO] AI Generation started. Model: grok-2-image-gen, Prompt: make me a imgae of brid
[2026-07-05 00:43:34] [ERROR] AI Generation failed: Grok API Error (400): Incorrect API key provided. You can obtain an API key from https://console.x.ai.
[2026-07-05 00:46:23] [INFO] AI Generation started. Model: grok-2-image-gen, Prompt: make me a imgae of brid
[2026-07-05 00:46:23] [ERROR] AI Generation failed: Grok API Error (403): Your newly created team doesn't have any credits or licenses yet. You can purchase those on https://console.x.ai/team/4d67cf1c-c3c7-4c58-bbf0-c004346aeeb6.
[2026-07-05 11:51:49] [INFO] OptiWebP started successfully. Ready for conversions.
[2026-07-05 11:54:07] [INFO] OptiWebP started successfully. Ready for conversions.
[2026-07-05 11:56:17] [INFO] OptiWebP started successfully. Ready for conversions.
[2026-07-05 12:07:13] [INFO] OptiWebP started successfully. Ready for conversions.
[2026-07-05 12:09:29] [INFO] OptiWebP started successfully. Ready for conversions.
